#
# A fatal error has been detected by the Java Runtime Environment:
#
#  SIGSEGV (0xb) at pc=0x00007fff95af74dd, pid=20719, tid=2571
#
# JRE version: Java(TM) SE Runtime Environment (8.0_73-b02) (build 1.8.0_73-b02)
# Java VM: Java HotSpot(TM) 64-Bit Server VM (25.73-b02 mixed mode bsd-amd64 compressed oops)
# Problematic frame:
# C  [libobjc.A.dylib+0x14dd]  objc_msgSend+0x1d
#
# Failed to write core dump. Core dumps have been disabled. To enable core dumping, try "ulimit -c unlimited" before starting Java again
#
# If you would like to submit a bug report, please visit:
#   http://bugreport.java.com/bugreport/crash.jsp
# The crash happened outside the Java Virtual Machine in native code.
# See problematic frame for where to report the bug.
#

---------------  T H R E A D  ---------------

Current thread (0x00007ffe8c083800):  JavaThread "AppKit Thread" daemon [_thread_in_native, id=2571, stack(0x00007fff54909000,0x00007fff55109000)]

siginfo: si_signo: 11 (SIGSEGV), si_code: 1 (SEGV_MAPERR), si_addr: 0x0000000000000018

Registers:
RAX=0x00007ffe8b73bc80, RBX=0x00007fff55103598, RCX=0x00007ffe8b45d358, RDX=0x00007ffe8b590980
RSP=0x00007fff55103558, RBP=0x00007fff55103560, RSI=0x00007fff850b684a, RDI=0x00007ffe8b73bc80
R8 =0x000000000000003f, R9 =0x00007ffe8b44c170, R10=0x00007fff850b684a, R11=0x0000000000000000
R12=0x00007ffe8b590980, R13=0x00007ffe8b44c170, R14=0x00007ffe8b45d350, R15=0x0000000000000000
RIP=0x00007fff95af74dd, EFLAGS=0x0000000000010246, ERR=0x0000000000000004
  TRAPNO=0x000000000000000e

Top of Stack: (sp=0x00007fff55103558)
0x00007fff55103558:   00007fff888d3bbc 00007fff55103580
0x00007fff55103568:   00007fff888d3b4f 0000000000000000
0x00007fff55103578:   0000000000000000 00007fff551035f0
0x00007fff55103588:   00007fff888d3ac7 00007fff551035c0
0x00007fff55103598:   00007fff77b140a0 0000000042000000
0x00007fff551035a8:   00007fff888d3b10 00007fff744b8720
0x00007fff551035b8:   00007ffe8b44c170 00007ffe8b590980
0x00007fff551035c8:   00007fff55103d98 00007fff745e5780
0x00007fff551035d8:   00007fff55103d98 00007ffe8b44c170
0x00007fff551035e8:   00007fff88c939e2 00007fff55103630
0x00007fff551035f8:   00007fff888d3832 00007fff55103c10
0x00007fff55103608:   0000000000000001 00007fff745e5780
0x00007fff55103618:   00007fff55103d98 00007fff95af74c0
0x00007fff55103628:   00007fff88c939e2 00007fff55103d40
0x00007fff55103638:   00007fff888905e2 00007ffe8b7160b0
0x00007fff55103648:   ffff8001748e9f50 00007fff77070d00
0x00007fff55103658:   00007ffe8b407630 00007ffe8c0000b8
0x00007fff55103668:   00007ffe8b467190 0000000000000000
0x00007fff55103678:   0000000000000000 0000000000000000
0x00007fff55103688:   00007ffe8b467f80 00007fff744f5bc0
0x00007fff55103698:   00007fff55103c10 0000000000000002
0x00007fff551036a8:   0000000000000100 00007fff55103600
0x00007fff551036b8:   00007fff55103b10 0000000000000000
0x00007fff551036c8:   0000000000000100 00007fff55103700
0x00007fff551036d8:   00007fff745e5780 0000000000000000
0x00007fff551036e8:   00007fff744b9500 00007fff745e5780
0x00007fff551036f8:   0000000000000000 00007fff744b9500
0x00007fff55103708:   00007fff77070d00 00007fff55103780
0x00007fff55103718:   00007fff95afe2a4 0000000000000000
0x00007fff55103728:   00007fff77071a10 0000000100000000
0x00007fff55103738:   0000000000000000 ffff8001748b9d50
0x00007fff55103748:   00007ffe8b5446b0 00007ffe8b544740 

Instructions: (pc=0x00007fff95af74dd)
0x00007fff95af74bd:   44 00 00 48 85 ff 2e 74 62 40 f6 c7 01 2e 75 66
0x00007fff95af74cd:   49 bb f8 ff ff ff ff 7f 00 00 4c 23 1f 49 89 f2
0x00007fff95af74dd:   45 23 53 18 49 c1 e2 04 4d 03 53 10 49 3b 32 75
0x00007fff95af74ed:   04 41 ff 62 08 49 83 3a 01 76 0d 49 83 c2 10 49 

Register to memory mapping:

RAX=0x00007ffe8b73bc80 is an unknown value
RBX=0x00007fff55103598 is pointing into the stack for thread: 0x00007ffe8c083800
RCX=0x00007ffe8b45d358 is an unknown value
RDX=0x00007ffe8b590980 is an unknown value
RSP=0x00007fff55103558 is pointing into the stack for thread: 0x00007ffe8c083800
RBP=0x00007fff55103560 is pointing into the stack for thread: 0x00007ffe8c083800
RSI=0x00007fff850b684a: -[NSTitlebarContainerView transparent]+0x63088 in /System/Library/Frameworks/AppKit.framework/Versions/C/AppKit at 0x00007fff84629000
RDI=0x00007ffe8b73bc80 is an unknown value
R8 =0x000000000000003f is an unknown value
R9 =0x00007ffe8b44c170 is an unknown value
R10=0x00007fff850b684a: -[NSTitlebarContainerView transparent]+0x63088 in /System/Library/Frameworks/AppKit.framework/Versions/C/AppKit at 0x00007fff84629000
R11=0x0000000000000000 is an unknown value
R12=0x00007ffe8b590980 is an unknown value
R13=0x00007ffe8b44c170 is an unknown value
R14=0x00007ffe8b45d350 is an unknown value
R15=0x0000000000000000 is an unknown value


Stack: [0x00007fff54909000,0x00007fff55109000],  sp=0x00007fff55103558,  free space=8169k
Native frames: (J=compiled Java code, j=interpreted, Vv=VM code, C=native code)
C  [libobjc.A.dylib+0x14dd]  objc_msgSend+0x1d
C  [CoreFoundation+0xa0b4f]  ___CFXRegistrationPost_block_invoke+0x3f
C  [CoreFoundation+0xa0ac7]  _CFXRegistrationPost+0x197
C  [CoreFoundation+0xa0832]  ___CFXNotificationPost_block_invoke+0x32
C  [CoreFoundation+0x5d5e2]  -[_CFXNotificationRegistrar find:object:observer:enumerator:]+0x782
C  [CoreFoundation+0x5c835]  _CFXNotificationPost+0x2b5
C  [Foundation+0x6fda]  -[NSNotificationCenter postNotificationName:object:userInfo:]+0x42
C  [AppKit+0x265372]  -[NSSurface _disposeSurface]+0xa9
C  [AppKit+0x264dcb]  -[NSSurface setWindow:]+0x42
C  [AppKit+0x28cab]  -[NSView _setWindow:]+0x9be
C  [AppKit+0x2ba97]  -[NSView removeFromSuperview]+0x1d7
C  [AppKit+0x155d7f]  -[NSView removeFromSuperviewWithoutNeedingDisplay]+0x26
C  [liblwjgl.dylib+0xa205]  +[MacOSXKeyableWindow destroyWindow]+0xb5
C  [Foundation+0x76f5e]  __NSThreadPerformPerform+0x117
C  [CoreFoundation+0xaa881]  __CFRUNLOOP_IS_CALLING_OUT_TO_A_SOURCE0_PERFORM_FUNCTION__+0x11
C  [CoreFoundation+0x89fbc]  __CFRunLoopDoSources0+0x22c
C  [CoreFoundation+0x894df]  __CFRunLoopRun+0x39f
C  [CoreFoundation+0x88ed8]  CFRunLoopRunSpecific+0x128
C  [HIToolbox+0x30935]  RunCurrentEventLoopInMode+0xeb
C  [HIToolbox+0x3076f]  ReceiveNextEventCommon+0x1b0
C  [HIToolbox+0x305af]  _BlockUntilNextEventMatchingListInModeWithFilter+0x47
C  [AppKit+0x48efa]  _DPSNextEvent+0x42b
C  [AppKit+0x4832a]  -[NSApplication _nextEventMatchingEventMask:untilDate:inMode:dequeue:]+0x1c6
C  [libosxapp.dylib+0x23aa]  -[NSApplicationAWT nextEventMatchingMask:untilDate:inMode:dequeue:]+0x7c
C  [AppKit+0x3ce84]  -[NSApplication run]+0x2aa
C  [libosxapp.dylib+0x214d]  +[NSApplicationAWT runAWTLoopWithApp:]+0x9c
C  [libawt_lwawt.dylib+0x4455b]  -[AWTStarter starter:]+0x389
C  [Foundation+0x76f5e]  __NSThreadPerformPerform+0x117
C  [CoreFoundation+0xaa881]  __CFRUNLOOP_IS_CALLING_OUT_TO_A_SOURCE0_PERFORM_FUNCTION__+0x11
C  [CoreFoundation+0x89fbc]  __CFRunLoopDoSources0+0x22c
C  [CoreFoundation+0x894df]  __CFRunLoopRun+0x39f
C  [CoreFoundation+0x88ed8]  CFRunLoopRunSpecific+0x128
C  [java+0x6463]  CreateExecutionEnvironment+0x367
C  [java+0x21ac]  JLI_Launch+0x7a0
C  [java+0x84c0]  main+0x65
C  [java+0x1a04]  start+0x34
C  0x0000000000000009


---------------  P R O C E S S  ---------------

Java Threads: ( => current thread )
  0x00007ffe8ba70000 JavaThread "AWT-Shutdown" [_thread_blocked, id=27923, stack(0x00007000010ca000,0x00007000011ca000)]
=>0x00007ffe8c083800 JavaThread "AppKit Thread" daemon [_thread_in_native, id=2571, stack(0x00007fff54909000,0x00007fff55109000)]
  0x00007ffe8d037000 JavaThread "Monitor Ctrl-Break" daemon [_thread_in_native, id=19459, stack(0x0000700000fc7000,0x00007000010c7000)]
  0x00007ffe8c807800 JavaThread "Service Thread" daemon [_thread_blocked, id=18435, stack(0x0000700000dc1000,0x0000700000ec1000)]
  0x00007ffe8c806800 JavaThread "C1 CompilerThread2" daemon [_thread_blocked, id=17923, stack(0x0000700000cbe000,0x0000700000dbe000)]
  0x00007ffe8c046800 JavaThread "C2 CompilerThread1" daemon [_thread_blocked, id=17411, stack(0x0000700000bbb000,0x0000700000cbb000)]
  0x00007ffe8c030800 JavaThread "C2 CompilerThread0" daemon [_thread_blocked, id=16899, stack(0x0000700000ab8000,0x0000700000bb8000)]
  0x00007ffe8b80a800 JavaThread "Signal Dispatcher" daemon [_thread_blocked, id=13839, stack(0x00007000009b5000,0x0000700000ab5000)]
  0x00007ffe8d010800 JavaThread "Finalizer" daemon [_thread_blocked, id=12291, stack(0x000070000082f000,0x000070000092f000)]
  0x00007ffe8d010000 JavaThread "Reference Handler" daemon [_thread_blocked, id=11779, stack(0x000070000072c000,0x000070000082c000)]
  0x00007ffe8b80b800 JavaThread "main" [_thread_in_native, id=5891, stack(0x000070000011a000,0x000070000021a000)]

Other Threads:
  0x00007ffe8c806000 VMThread [stack: 0x0000700000629000,0x0000700000729000] [id=11267]
  0x00007ffe8c81a000 WatcherThread [stack: 0x0000700000ec4000,0x0000700000fc4000] [id=18947]

VM state:not at safepoint (normal execution)

VM Mutex/Monitor currently owned by a thread: None

Heap:
 PSYoungGen      total 38400K, used 31951K [0x0000000795580000, 0x0000000798000000, 0x00000007c0000000)
  eden space 33280K, 96% used [0x0000000795580000,0x00000007974b3de8,0x0000000797600000)
  from space 5120K, 0% used [0x0000000797b00000,0x0000000797b00000,0x0000000798000000)
  to   space 5120K, 0% used [0x0000000797600000,0x0000000797600000,0x0000000797b00000)
 ParOldGen       total 87552K, used 0K [0x0000000740000000, 0x0000000745580000, 0x0000000795580000)
  object space 87552K, 0% used [0x0000000740000000,0x0000000740000000,0x0000000745580000)
 Metaspace       used 7221K, capacity 7379K, committed 7552K, reserved 1056768K
  class space    used 727K, capacity 792K, committed 896K, reserved 1048576K

Card table byte_map: [0x000000011c415000,0x000000011c816000] byte_map_base: 0x0000000118a15000

Marking Bits: (ParMarkBitMap*) 0x000000010c8e3ea0
 Begin Bits: [0x000000011cac1000, 0x000000011eac1000)
 End Bits:   [0x000000011eac1000, 0x0000000120ac1000)

Polling page: 0x000000010af34000

CodeCache: size=245760Kb used=3270Kb max_used=3282Kb free=242489Kb
 bounds [0x000000010d055000, 0x000000010d395000, 0x000000011c055000]
 total_blobs=1226 nmethods=833 adapters=307
 compilation: enabled

Compilation events (10 events):
Event: 62.243 Thread 0x00007ffe8c806800  830       3       java.nio.Bits::long5 (7 bytes)
Event: 62.243 Thread 0x00007ffe8c806800 nmethod 830 0x000000010d387b50 code [0x000000010d387ca0, 0x000000010d387df0]
Event: 62.243 Thread 0x00007ffe8c806800  831       3       java.nio.Bits::long4 (7 bytes)
Event: 62.243 Thread 0x00007ffe8c806800 nmethod 831 0x000000010d387850 code [0x000000010d3879a0, 0x000000010d387af0]
Event: 62.275 Thread 0x00007ffe8c806800  832       3       java.nio.Bits::getLongB (60 bytes)
Event: 62.276 Thread 0x00007ffe8c806800 nmethod 832 0x000000010d386c90 code [0x000000010d386e80, 0x000000010d387648]
Event: 62.276 Thread 0x00007ffe8c806800  833       3       java.nio.Bits::makeLong (77 bytes)
Event: 62.276 Thread 0x00007ffe8c806800 nmethod 833 0x000000010d3868d0 code [0x000000010d386a20, 0x000000010d386bf0]
Event: 63.229 Thread 0x00007ffe8c046800  834       4       java.nio.DirectByteBuffer::put (18 bytes)
Event: 63.230 Thread 0x00007ffe8c046800 nmethod 834 0x000000010d386550 code [0x000000010d3866a0, 0x000000010d386758]

GC Heap History (0 events):
No events

Deoptimization events (6 events):
Event: 0.555 Thread 0x00007ffe8b80b800 Uncommon trap: reason=unstable_if action=reinterpret pc=0x000000010d1f469c method=java.lang.String.replace(CC)Ljava/lang/String; @ 26
Event: 4.864 Thread 0x00007ffe8b80b800 Uncommon trap: reason=unstable_if action=reinterpret pc=0x000000010d2df164 method=java.util.LinkedHashMap.get(Ljava/lang/Object;)Ljava/lang/Object; @ 11
Event: 13.718 Thread 0x00007ffe8b80b800 Uncommon trap: reason=unstable_if action=reinterpret pc=0x000000010d2dbc64 method=com.ziems.neat_driving.game.states.world.World.render(FFLorg/newdawn/slick/Graphics;)V @ 135
Event: 13.968 Thread 0x00007ffe8b80b800 Uncommon trap: reason=unstable_if action=reinterpret pc=0x000000010d29de10 method=com.ziems.neat_driving.game.states.world.World.inBounds(II)Z @ 5
Event: 16.569 Thread 0x00007ffe8b80b800 Uncommon trap: reason=unstable_if action=reinterpret pc=0x000000010d319a5c method=java.util.LinkedHashMap.afterNodeAccess(Ljava/util/HashMap$Node;)V @ 14
Event: 16.587 Thread 0x00007ffe8b80b800 Uncommon trap: reason=unstable_if action=reinterpret pc=0x000000010d2c508c method=java.util.LinkedHashMap.afterNodeAccess(Ljava/util/HashMap$Node;)V @ 14

Internal exceptions (10 events):
Event: 0.084 Thread 0x00007ffe8b80b800 Exception <a 'java/lang/NoSuchMethodError': Method sun.misc.Unsafe.prefetchRead(Ljava/lang/Object;J)V name or signature does not match> (0x0000000795593250) thrown at [/HUDSON3/workspace/8-2-build-macosx-x86_64/jdk8u73/6086/hotspot/src/share/vm/prims/jni.
Event: 0.216 Thread 0x00007ffe8b80b800 Exception <a 'java/security/PrivilegedActionException'> (0x000000079598a088) thrown at [/HUDSON3/workspace/8-2-build-macosx-x86_64/jdk8u73/6086/hotspot/src/share/vm/prims/jvm.cpp, line 1386]
Event: 0.216 Thread 0x00007ffe8b80b800 Exception <a 'java/security/PrivilegedActionException'> (0x000000079598a480) thrown at [/HUDSON3/workspace/8-2-build-macosx-x86_64/jdk8u73/6086/hotspot/src/share/vm/prims/jvm.cpp, line 1386]
Event: 0.217 Thread 0x00007ffe8b80b800 Exception <a 'java/security/PrivilegedActionException'> (0x000000079598d908) thrown at [/HUDSON3/workspace/8-2-build-macosx-x86_64/jdk8u73/6086/hotspot/src/share/vm/prims/jvm.cpp, line 1386]
Event: 0.217 Thread 0x00007ffe8b80b800 Exception <a 'java/security/PrivilegedActionException'> (0x000000079598dd00) thrown at [/HUDSON3/workspace/8-2-build-macosx-x86_64/jdk8u73/6086/hotspot/src/share/vm/prims/jvm.cpp, line 1386]
Event: 0.264 Thread 0x00007ffe8b80b800 Exception <a 'java/lang/NoSuchFieldError': method resolution failed> (0x0000000795a5b168) thrown at [/HUDSON3/workspace/8-2-build-macosx-x86_64/jdk8u73/6086/hotspot/src/share/vm/prims/methodHandles.cpp, line 1146]
Event: 0.266 Thread 0x00007ffe8b80b800 Exception <a 'java/lang/NoSuchFieldError': method resolution failed> (0x0000000795a68888) thrown at [/HUDSON3/workspace/8-2-build-macosx-x86_64/jdk8u73/6086/hotspot/src/share/vm/prims/methodHandles.cpp, line 1146]
Event: 0.511 Thread 0x00007ffe8b80b800 Exception <a 'java/io/FileNotFoundException'> (0x0000000795ae3840) thrown at [/HUDSON3/workspace/8-2-build-macosx-x86_64/jdk8u73/6086/hotspot/src/share/vm/prims/jni.cpp, line 709]
Event: 0.511 Thread 0x00007ffe8b80b800 Exception <a 'java/io/FileNotFoundException'> (0x0000000795ae43a8) thrown at [/HUDSON3/workspace/8-2-build-macosx-x86_64/jdk8u73/6086/hotspot/src/share/vm/prims/jni.cpp, line 709]
Event: 0.898 Thread 0x00007ffe8b80b800 Exception <a 'java/lang/NoClassDefFoundError': net/java/games/input/ControllerEnvironment> (0x0000000796004210) thrown at [/HUDSON3/workspace/8-2-build-macosx-x86_64/jdk8u73/6086/hotspot/src/share/vm/classfile/systemDictionary.cpp, line 199]

Events (10 events):
Event: 51.433 Thread 0x00007ffe8c002000 Thread exited: 0x00007ffe8c002000
Event: 51.843 Thread 0x00007ffe8b80b800 DEOPT PACKING pc=0x000000010d383a16 sp=0x0000700000218a00
Event: 51.843 Thread 0x00007ffe8b80b800 DEOPT UNPACKING pc=0x000000010d09c633 sp=0x0000700000218730 mode 0
Event: 55.018 Thread 0x00007ffe8ba70000 Thread added: 0x00007ffe8ba70000
Event: 58.112 Executing VM operation: RevokeBias
Event: 58.112 Executing VM operation: RevokeBias done
Event: 58.112 Thread 0x00007ffe8ba70000 Thread exited: 0x00007ffe8ba70000
Event: 59.510 Thread 0x00007ffe8ba70000 Thread added: 0x00007ffe8ba70000
Event: 63.228 loading class org/lwjgl/opengl/CallbackUtil
Event: 63.228 loading class org/lwjgl/opengl/CallbackUtil done


Dynamic libraries:
0x0000000003753000 	/System/Library/Frameworks/Cocoa.framework/Versions/A/Cocoa
0x000000010ab15000 	/System/Library/Frameworks/Security.framework/Versions/A/Security
0x0000000003753000 	/System/Library/Frameworks/ApplicationServices.framework/Versions/A/ApplicationServices
0x0000000003753000 	/usr/lib/libz.1.dylib
0x0000000003753000 	/usr/lib/libSystem.B.dylib
0x0000000003753000 	/usr/lib/libobjc.A.dylib
0x0000000003753000 	/System/Library/Frameworks/CoreFoundation.framework/Versions/A/CoreFoundation
0x0000000003753000 	/System/Library/Frameworks/Foundation.framework/Versions/C/Foundation
0x0000000003753000 	/System/Library/Frameworks/AppKit.framework/Versions/C/AppKit
0x0000000003753000 	/System/Library/Frameworks/CoreData.framework/Versions/A/CoreData
0x0000000003753000 	/System/Library/PrivateFrameworks/RemoteViewServices.framework/Versions/A/RemoteViewServices
0x0000000003753000 	/System/Library/PrivateFrameworks/UIFoundation.framework/Versions/A/UIFoundation
0x0000000003753000 	/usr/lib/libScreenReader.dylib
0x0000000003753000 	/System/Library/Frameworks/Accelerate.framework/Versions/A/Accelerate
0x0000000003753000 	/System/Library/Frameworks/IOSurface.framework/Versions/A/IOSurface
0x0000000003753000 	/System/Library/Frameworks/AudioToolbox.framework/Versions/A/AudioToolbox
0x0000000003753000 	/System/Library/Frameworks/AudioUnit.framework/Versions/A/AudioUnit
0x0000000003753000 	/System/Library/PrivateFrameworks/DataDetectorsCore.framework/Versions/A/DataDetectorsCore
0x0000000003753000 	/System/Library/PrivateFrameworks/DesktopServicesPriv.framework/Versions/A/DesktopServicesPriv
0x0000000003753000 	/System/Library/Frameworks/Carbon.framework/Versions/A/Frameworks/HIToolbox.framework/Versions/A/HIToolbox
0x0000000003753000 	/System/Library/Frameworks/QuartzCore.framework/Versions/A/QuartzCore
0x0000000003753000 	/System/Library/Frameworks/Carbon.framework/Versions/A/Frameworks/SpeechRecognition.framework/Versions/A/SpeechRecognition
0x0000000003753000 	/usr/lib/libauto.dylib
0x0000000003753000 	/usr/lib/libicucore.A.dylib
0x0000000003753000 	/usr/lib/libxml2.2.dylib
0x0000000003753000 	/System/Library/PrivateFrameworks/CoreUI.framework/Versions/A/CoreUI
0x0000000003753000 	/System/Library/Frameworks/CoreAudio.framework/Versions/A/CoreAudio
0x0000000003753000 	/System/Library/Frameworks/DiskArbitration.framework/Versions/A/DiskArbitration
0x0000000003753000 	/usr/lib/liblangid.dylib
0x0000000003753000 	/System/Library/PrivateFrameworks/MultitouchSupport.framework/Versions/A/MultitouchSupport
0x0000000003753000 	/System/Library/Frameworks/IOKit.framework/Versions/A/IOKit
0x0000000003753000 	/usr/lib/libDiagnosticMessagesClient.dylib
0x0000000003753000 	/System/Library/Frameworks/CoreServices.framework/Versions/A/CoreServices
0x0000000003753000 	/System/Library/PrivateFrameworks/PerformanceAnalysis.framework/Versions/A/PerformanceAnalysis
0x0000000003753000 	/System/Library/PrivateFrameworks/GenerationalStorage.framework/Versions/A/GenerationalStorage
0x0000000003753000 	/System/Library/Frameworks/OpenGL.framework/Versions/A/OpenGL
0x0000000003753000 	/System/Library/PrivateFrameworks/Sharing.framework/Versions/A/Sharing
0x0000000003753000 	/System/Library/Frameworks/CoreGraphics.framework/Versions/A/CoreGraphics
0x0000000003753000 	/System/Library/Frameworks/CoreImage.framework/Versions/A/CoreImage
0x0000000003753000 	/System/Library/Frameworks/CoreText.framework/Versions/A/CoreText
0x0000000003753000 	/System/Library/Frameworks/ImageIO.framework/Versions/A/ImageIO
0x0000000003753000 	/System/Library/PrivateFrameworks/Backup.framework/Versions/A/Backup
0x0000000003753000 	/usr/lib/libextension.dylib
0x0000000003753000 	/usr/lib/libarchive.2.dylib
0x000000010af35000 	/System/Library/Frameworks/CFNetwork.framework/Versions/A/CFNetwork
0x0000000003753000 	/System/Library/Frameworks/SystemConfiguration.framework/Versions/A/SystemConfiguration
0x0000000003753000 	/usr/lib/libCRFSuite.dylib
0x0000000003753000 	/usr/lib/libc++.1.dylib
0x0000000003753000 	/usr/lib/libc++abi.dylib
0x0000000003753000 	/usr/lib/system/libcache.dylib
0x0000000003753000 	/usr/lib/system/libcommonCrypto.dylib
0x0000000003753000 	/usr/lib/system/libcompiler_rt.dylib
0x0000000003753000 	/usr/lib/system/libcopyfile.dylib
0x0000000003753000 	/usr/lib/system/libcorecrypto.dylib
0x0000000003753000 	/usr/lib/system/libdispatch.dylib
0x0000000003753000 	/usr/lib/system/libdyld.dylib
0x0000000003753000 	/usr/lib/system/libkeymgr.dylib
0x000000010b3a7000 	/usr/lib/system/liblaunch.dylib
0x0000000003753000 	/usr/lib/system/libmacho.dylib
0x0000000003753000 	/usr/lib/system/libquarantine.dylib
0x0000000003753000 	/usr/lib/system/libremovefile.dylib
0x0000000003753000 	/usr/lib/system/libsystem_asl.dylib
0x0000000003753000 	/usr/lib/system/libsystem_blocks.dylib
0x0000000003753000 	/usr/lib/system/libsystem_c.dylib
0x0000000003753000 	/usr/lib/system/libsystem_configuration.dylib
0x0000000003753000 	/usr/lib/system/libsystem_coreservices.dylib
0x0000000003753000 	/usr/lib/system/libsystem_coretls.dylib
0x0000000003753000 	/usr/lib/system/libsystem_dnssd.dylib
0x0000000003753000 	/usr/lib/system/libsystem_info.dylib
0x0000000003753000 	/usr/lib/system/libsystem_kernel.dylib
0x0000000003753000 	/usr/lib/system/libsystem_m.dylib
0x0000000003753000 	/usr/lib/system/libsystem_malloc.dylib
0x0000000003753000 	/usr/lib/system/libsystem_network.dylib
0x0000000003753000 	/usr/lib/system/libsystem_networkextension.dylib
0x0000000003753000 	/usr/lib/system/libsystem_notify.dylib
0x0000000003753000 	/usr/lib/system/libsystem_platform.dylib
0x0000000003753000 	/usr/lib/system/libsystem_pthread.dylib
0x000000010b3b4000 	/usr/lib/system/libsystem_sandbox.dylib
0x0000000003753000 	/usr/lib/system/libsystem_secinit.dylib
0x0000000003753000 	/usr/lib/system/libsystem_trace.dylib
0x0000000003753000 	/usr/lib/system/libunc.dylib
0x0000000003753000 	/usr/lib/system/libunwind.dylib
0x000000010b3c3000 	/usr/lib/system/libxpc.dylib
0x0000000003753000 	/usr/lib/libenergytrace.dylib
0x0000000003753000 	/usr/lib/libbsm.0.dylib
0x0000000003753000 	/usr/lib/system/libkxld.dylib
0x0000000003753000 	/usr/lib/libxar.1.dylib
0x000000010b411000 	/usr/lib/libsqlite3.dylib
0x0000000003753000 	/usr/lib/libpam.2.dylib
0x0000000003753000 	/usr/lib/libOpenScriptingUtil.dylib
0x0000000003753000 	/usr/lib/libbz2.1.0.dylib
0x0000000003753000 	/usr/lib/liblzma.5.dylib
0x0000000003753000 	/System/Library/Frameworks/CoreServices.framework/Versions/A/Frameworks/FSEvents.framework/Versions/A/FSEvents
0x0000000003753000 	/System/Library/Frameworks/CoreServices.framework/Versions/A/Frameworks/CarbonCore.framework/Versions/A/CarbonCore
0x0000000003753000 	/System/Library/Frameworks/CoreServices.framework/Versions/A/Frameworks/Metadata.framework/Versions/A/Metadata
0x0000000003753000 	/System/Library/Frameworks/CoreServices.framework/Versions/A/Frameworks/OSServices.framework/Versions/A/OSServices
0x0000000003753000 	/System/Library/Frameworks/CoreServices.framework/Versions/A/Frameworks/SearchKit.framework/Versions/A/SearchKit
0x0000000003753000 	/System/Library/Frameworks/CoreServices.framework/Versions/A/Frameworks/AE.framework/Versions/A/AE
0x0000000003753000 	/System/Library/Frameworks/CoreServices.framework/Versions/A/Frameworks/LaunchServices.framework/Versions/A/LaunchServices
0x0000000003753000 	/System/Library/Frameworks/CoreServices.framework/Versions/A/Frameworks/DictionaryServices.framework/Versions/A/DictionaryServices
0x0000000003753000 	/System/Library/Frameworks/CoreServices.framework/Versions/A/Frameworks/SharedFileList.framework/Versions/A/SharedFileList
0x0000000003753000 	/System/Library/Frameworks/NetFS.framework/Versions/A/NetFS
0x0000000003753000 	/System/Library/PrivateFrameworks/NetAuth.framework/Versions/A/NetAuth
0x0000000003753000 	/System/Library/PrivateFrameworks/login.framework/Versions/A/Frameworks/loginsupport.framework/Versions/A/loginsupport
0x0000000003753000 	/System/Library/PrivateFrameworks/TCC.framework/Versions/A/TCC
0x0000000003753000 	/usr/lib/libmecabra.dylib
0x0000000003753000 	/System/Library/Frameworks/ApplicationServices.framework/Versions/A/Frameworks/ATS.framework/Versions/A/ATS
0x0000000003753000 	/System/Library/Frameworks/ApplicationServices.framework/Versions/A/Frameworks/ColorSync.framework/Versions/A/ColorSync
0x0000000003753000 	/System/Library/Frameworks/ApplicationServices.framework/Versions/A/Frameworks/HIServices.framework/Versions/A/HIServices
0x0000000003753000 	/System/Library/Frameworks/ApplicationServices.framework/Versions/A/Frameworks/LangAnalysis.framework/Versions/A/LangAnalysis
0x0000000003753000 	/System/Library/Frameworks/ApplicationServices.framework/Versions/A/Frameworks/PrintCore.framework/Versions/A/PrintCore
0x0000000003753000 	/System/Library/Frameworks/ApplicationServices.framework/Versions/A/Frameworks/QD.framework/Versions/A/QD
0x0000000003753000 	/System/Library/Frameworks/ApplicationServices.framework/Versions/A/Frameworks/SpeechSynthesis.framework/Versions/A/SpeechSynthesis
0x0000000003753000 	/System/Library/Frameworks/Metal.framework/Versions/A/Metal
0x0000000003753000 	/System/Library/Frameworks/Accelerate.framework/Versions/A/Frameworks/vImage.framework/Versions/A/vImage
0x0000000003753000 	/System/Library/Frameworks/Accelerate.framework/Versions/A/Frameworks/vecLib.framework/Versions/A/vecLib
0x0000000003753000 	/System/Library/Frameworks/Accelerate.framework/Versions/A/Frameworks/vecLib.framework/Versions/A/libvDSP.dylib
0x0000000003753000 	/System/Library/Frameworks/Accelerate.framework/Versions/A/Frameworks/vecLib.framework/Versions/A/libvMisc.dylib
0x0000000003753000 	/System/Library/Frameworks/Accelerate.framework/Versions/A/Frameworks/vecLib.framework/Versions/A/libLAPACK.dylib
0x0000000003753000 	/System/Library/Frameworks/Accelerate.framework/Versions/A/Frameworks/vecLib.framework/Versions/A/libBLAS.dylib
0x0000000003753000 	/System/Library/Frameworks/Accelerate.framework/Versions/A/Frameworks/vecLib.framework/Versions/A/libLinearAlgebra.dylib
0x0000000003753000 	/System/Library/Frameworks/Accelerate.framework/Versions/A/Frameworks/vecLib.framework/Versions/A/libSparseBLAS.dylib
0x0000000003753000 	/System/Library/PrivateFrameworks/GPUCompiler.framework/libmetal_timestamp.dylib
0x0000000003753000 	/System/Library/Frameworks/OpenGL.framework/Versions/A/Libraries/libCoreFSCache.dylib
0x0000000003753000 	/System/Library/PrivateFrameworks/IOAccelerator.framework/Versions/A/IOAccelerator
0x0000000003753000 	/System/Library/Frameworks/ApplicationServices.framework/Versions/A/Frameworks/ATS.framework/Versions/A/Resources/libFontParser.dylib
0x0000000003753000 	/System/Library/Frameworks/ApplicationServices.framework/Versions/A/Frameworks/ATS.framework/Versions/A/Resources/libFontRegistry.dylib
0x0000000003753000 	/System/Library/PrivateFrameworks/AppleVPA.framework/Versions/A/AppleVPA
0x0000000003753000 	/System/Library/PrivateFrameworks/AppleJPEG.framework/Versions/A/AppleJPEG
0x0000000003753000 	/System/Library/Frameworks/ImageIO.framework/Versions/A/Resources/libJPEG.dylib
0x0000000003753000 	/System/Library/Frameworks/ImageIO.framework/Versions/A/Resources/libTIFF.dylib
0x0000000003753000 	/System/Library/Frameworks/ImageIO.framework/Versions/A/Resources/libPng.dylib
0x0000000003753000 	/System/Library/Frameworks/ImageIO.framework/Versions/A/Resources/libGIF.dylib
0x0000000003753000 	/System/Library/Frameworks/ImageIO.framework/Versions/A/Resources/libJP2.dylib
0x0000000003753000 	/System/Library/Frameworks/ImageIO.framework/Versions/A/Resources/libRadiance.dylib
0x0000000003753000 	/System/Library/Frameworks/CoreVideo.framework/Versions/A/CoreVideo
0x0000000003753000 	/System/Library/Frameworks/OpenGL.framework/Versions/A/Libraries/libGLU.dylib
0x0000000003753000 	/System/Library/Frameworks/OpenGL.framework/Versions/A/Libraries/libGFXShared.dylib
0x0000000003753000 	/System/Library/Frameworks/OpenGL.framework/Versions/A/Libraries/libGL.dylib
0x0000000003753000 	/System/Library/Frameworks/OpenGL.framework/Versions/A/Libraries/libGLImage.dylib
0x0000000003753000 	/System/Library/Frameworks/OpenGL.framework/Versions/A/Libraries/libCVMSPluginSupport.dylib
0x0000000003753000 	/System/Library/Frameworks/OpenGL.framework/Versions/A/Libraries/libCoreVMClient.dylib
0x0000000003753000 	/usr/lib/libcups.2.dylib
0x0000000003753000 	/System/Library/Frameworks/Kerberos.framework/Versions/A/Kerberos
0x0000000003753000 	/System/Library/Frameworks/GSS.framework/Versions/A/GSS
0x0000000003753000 	/usr/lib/libresolv.9.dylib
0x0000000003753000 	/usr/lib/libiconv.2.dylib
0x0000000003753000 	/System/Library/PrivateFrameworks/Heimdal.framework/Versions/A/Heimdal
0x0000000003753000 	/usr/lib/libheimdal-asn1.dylib
0x0000000003753000 	/System/Library/Frameworks/OpenDirectory.framework/Versions/A/OpenDirectory
0x0000000003753000 	/System/Library/PrivateFrameworks/CommonAuth.framework/Versions/A/CommonAuth
0x0000000003753000 	/System/Library/Frameworks/OpenDirectory.framework/Versions/A/Frameworks/CFOpenDirectory.framework/Versions/A/CFOpenDirectory
0x0000000003753000 	/System/Library/Frameworks/SecurityFoundation.framework/Versions/A/SecurityFoundation
0x0000000003753000 	/System/Library/PrivateFrameworks/LanguageModeling.framework/Versions/A/LanguageModeling
0x0000000003753000 	/usr/lib/libmarisa.dylib
0x0000000003753000 	/usr/lib/libChineseTokenizer.dylib
0x0000000003753000 	/usr/lib/libcmph.dylib
0x0000000003753000 	/usr/lib/libcompression.dylib
0x000000010b551000 	/System/Library/Frameworks/ServiceManagement.framework/Versions/A/ServiceManagement
0x0000000003753000 	/usr/lib/libxslt.1.dylib
0x0000000003753000 	/System/Library/Frameworks/Carbon.framework/Versions/A/Frameworks/Ink.framework/Versions/A/Ink
0x0000000003753000 	/usr/lib/libFosl_dynamic.dylib
0x0000000003753000 	/System/Library/PrivateFrameworks/FaceCore.framework/Versions/A/FaceCore
0x0000000003753000 	/System/Library/Frameworks/OpenCL.framework/Versions/A/OpenCL
0x0000000003753000 	/System/Library/PrivateFrameworks/CrashReporterSupport.framework/Versions/A/CrashReporterSupport
0x0000000003753000 	/System/Library/PrivateFrameworks/IconServices.framework/Versions/A/IconServices
0x0000000003753000 	/System/Library/PrivateFrameworks/Apple80211.framework/Versions/A/Apple80211
0x0000000003753000 	/System/Library/Frameworks/CoreWLAN.framework/Versions/A/CoreWLAN
0x0000000003753000 	/System/Library/Frameworks/IOBluetooth.framework/Versions/A/IOBluetooth
0x0000000003753000 	/System/Library/PrivateFrameworks/CoreWiFi.framework/Versions/A/CoreWiFi
0x0000000003753000 	/System/Library/Frameworks/CoreBluetooth.framework/Versions/A/CoreBluetooth
0x0000000003753000 	/System/Library/PrivateFrameworks/ChunkingLibrary.framework/Versions/A/ChunkingLibrary
0x0000000003753000 	/System/Library/PrivateFrameworks/DebugSymbols.framework/Versions/A/DebugSymbols
0x0000000003753000 	/System/Library/PrivateFrameworks/CoreSymbolication.framework/Versions/A/CoreSymbolication
0x0000000003753000 	/System/Library/PrivateFrameworks/Symbolication.framework/Versions/A/Symbolication
0x0000000003753000 	/System/Library/PrivateFrameworks/SpeechRecognitionCore.framework/Versions/A/SpeechRecognitionCore
0x000000010c000000 	/Library/Java/JavaVirtualMachines/jdk1.8.0_73.jdk/Contents/Home/jre/lib/server/libjvm.dylib
0x000000010cf8d000 	/usr/lib/libstdc++.6.dylib
0x000000010b7b6000 	/Library/Java/JavaVirtualMachines/jdk1.8.0_73.jdk/Contents/Home/jre/lib/libverify.dylib
0x000000010b7c4000 	/Library/Java/JavaVirtualMachines/jdk1.8.0_73.jdk/Contents/Home/jre/lib/libjava.dylib
0x000000010d04c000 	/Library/Java/JavaVirtualMachines/jdk1.8.0_73.jdk/Contents/Home/jre/lib/libzip.dylib
0x00000001229b7000 	/System/Library/Frameworks/JavaVM.framework/Frameworks/JavaRuntimeSupport.framework/JavaRuntimeSupport
0x00000001229d2000 	/System/Library/Frameworks/JavaVM.framework/Versions/A/Frameworks/JavaNativeFoundation.framework/Versions/A/JavaNativeFoundation
0x00000001229e7000 	/System/Library/Frameworks/JavaVM.framework/Versions/A/JavaVM
0x0000000003753000 	/System/Library/Frameworks/Carbon.framework/Versions/A/Carbon
0x00000001229f4000 	/System/Library/PrivateFrameworks/JavaLaunching.framework/Versions/A/JavaLaunching
0x0000000003753000 	/System/Library/Frameworks/Carbon.framework/Versions/A/Frameworks/CommonPanels.framework/Versions/A/CommonPanels
0x0000000003753000 	/System/Library/Frameworks/Carbon.framework/Versions/A/Frameworks/Help.framework/Versions/A/Help
0x0000000003753000 	/System/Library/Frameworks/Carbon.framework/Versions/A/Frameworks/ImageCapture.framework/Versions/A/ImageCapture
0x0000000003753000 	/System/Library/Frameworks/Carbon.framework/Versions/A/Frameworks/OpenScripting.framework/Versions/A/OpenScripting
0x0000000003753000 	/System/Library/Frameworks/Carbon.framework/Versions/A/Frameworks/Print.framework/Versions/A/Print
0x0000000003753000 	/System/Library/Frameworks/Carbon.framework/Versions/A/Frameworks/SecurityHI.framework/Versions/A/SecurityHI
0x000000012443d000 	/Applications/IntelliJ IDEA 15 CE.app/Contents/bin/libbreakgen64.jnilib
0x0000000124440000 	/Library/Java/JavaVirtualMachines/jdk1.8.0_73.jdk/Contents/Home/jre/lib/libnet.dylib
0x000000012449f000 	/Library/Java/JavaVirtualMachines/jdk1.8.0_73.jdk/Contents/Home/jre/lib/libawt.dylib
0x0000000124547000 	/Library/Java/JavaVirtualMachines/jdk1.8.0_73.jdk/Contents/Home/jre/lib/./libmlib_image.dylib
0x0000000124613000 	/Library/Java/JavaVirtualMachines/jdk1.8.0_73.jdk/Contents/Home/jre/lib/libawt_lwawt.dylib
0x00000001246c8000 	/Library/Java/JavaVirtualMachines/jdk1.8.0_73.jdk/Contents/Home/jre/lib/./libosxapp.dylib
0x0000000003753000 	/System/Library/Frameworks/ExceptionHandling.framework/Versions/A/ExceptionHandling
0x0000000003753000 	/System/Library/PrivateFrameworks/CoreServicesInternal.framework/Versions/A/CoreServicesInternal
0x0000000003753000 	/System/Library/Frameworks/CoreGraphics.framework/Versions/A/Resources/libRIP.A.dylib
0x00000001253f3000 	/System/Library/Frameworks/Accelerate.framework/Frameworks/vImage.framework/Versions/A/Libraries/libCGInterfaces.dylib
0x0000000003753000 	/System/Library/Frameworks/CoreGraphics.framework/Versions/A/Resources/libCGXType.A.dylib
0x0000000003753000 	/System/Library/Frameworks/OpenCL.framework/Versions/A/Libraries/libcldcpuengine.dylib
0x0000000003753000 	/System/Library/PrivateFrameworks/DiskImages.framework/Versions/A/DiskImages
0x0000000003753000 	/System/Library/Frameworks/DiscRecording.framework/Versions/A/DiscRecording
0x0000000003753000 	/usr/lib/libcsfde.dylib
0x0000000003753000 	/usr/lib/libcurl.4.dylib
0x0000000003753000 	/System/Library/PrivateFrameworks/MediaKit.framework/Versions/A/MediaKit
0x0000000003753000 	/System/Library/PrivateFrameworks/ProtectedCloudStorage.framework/Versions/A/ProtectedCloudStorage
0x0000000003753000 	/usr/lib/libCoreStorage.dylib
0x0000000003753000 	/System/Library/PrivateFrameworks/EFILogin.framework/Versions/A/EFILogin
0x0000000003753000 	/usr/lib/libutil.dylib
0x0000000003753000 	/System/Library/PrivateFrameworks/FindMyDevice.framework/Versions/A/FindMyDevice
0x0000000003753000 	/System/Library/Frameworks/LDAP.framework/Versions/A/LDAP
0x0000000003753000 	/usr/lib/libsasl2.2.dylib
0x0000000003753000 	/System/Library/PrivateFrameworks/CoreDaemon.framework/Versions/B/CoreDaemon
0x0000000003753000 	/usr/lib/libcrypto.0.9.8.dylib
0x0000000003753000 	/System/Library/PrivateFrameworks/AppleSRP.framework/Versions/A/AppleSRP
0x0000000003753000 	/System/Library/PrivateFrameworks/TrustEvaluationAgent.framework/Versions/A/TrustEvaluationAgent
0x0000000125fd6000 	cl_kernels
0x0000000003753000 	/System/Library/Frameworks/OpenCL.framework/Versions/A/Libraries/ImageFormats/unorm8_bgra.dylib
0x0000000003753000 	/System/Library/Frameworks/OpenCL.framework/Versions/A/Libraries/ImageFormats/unorm8_rgba.dylib
0x0000000003753000 	/System/Library/PrivateFrameworks/FamilyControls.framework/Versions/A/FamilyControls
0x0000000003753000 	/System/Library/PrivateFrameworks/CommerceKit.framework/Versions/A/Frameworks/CommerceCore.framework/Versions/A/CommerceCore
0x0000000003753000 	/System/Library/PrivateFrameworks/SystemAdministration.framework/Versions/A/SystemAdministration
0x0000000003753000 	/System/Library/PrivateFrameworks/AppContainer.framework/Versions/A/AppContainer
0x0000000003753000 	/System/Library/PrivateFrameworks/SecCodeWrapper.framework/Versions/A/SecCodeWrapper
0x0000000003753000 	/System/Library/Frameworks/DirectoryService.framework/Versions/A/DirectoryService
0x0000000003753000 	/System/Library/PrivateFrameworks/LoginUIKit.framework/Versions/A/Frameworks/LoginUICore.framework/Versions/A/LoginUICore
0x0000000003753000 	/usr/lib/libodfde.dylib
0x00000001270cc000 	/Library/Java/JavaVirtualMachines/jdk1.8.0_73.jdk/Contents/Home/jre/lib/libfontmanager.dylib
0x0000000127133000 	/Users/noahziems/Documents/InjellijProjects/NEAT_Driving/libs/natives/liblwjgl.dylib
0x00000001255f7000 	/Library/Java/JavaVirtualMachines/jdk1.8.0_73.jdk/Contents/Home/jre/lib/libjawt.dylib
0x00000001271b5000 	/System/Library/Frameworks/OpenGL.framework/Resources/GLEngine.bundle/GLEngine
0x0000000003753000 	/System/Library/Frameworks/OpenGL.framework/Versions/A/Libraries/libGLProgrammability.dylib
0x000000012739d000 	/System/Library/Extensions/AppleIntelBDWGraphicsGLDriver.bundle/Contents/MacOS/AppleIntelBDWGraphicsGLDriver
0x0000000003753000 	/System/Library/PrivateFrameworks/GPUSupport.framework/Versions/A/Libraries/libGPUSupportMercury.dylib
0x0000000127ae5000 	/System/Library/Frameworks/OpenGL.framework/Resources//GLRendererFloat.bundle/GLRendererFloat

VM Arguments:
jvm_args: -Djava.library.path=libs/natives -Didea.launcher.port=7543 -Didea.launcher.bin.path=/Applications/IntelliJ IDEA 15 CE.app/Contents/bin -Dfile.encoding=UTF-8 
java_command: com.intellij.rt.execution.application.AppMain com.ziems.neat_driving.game.Game
java_class_path (initial): /Users/noahziems/Documents/InjellijProjects/NEAT_Driving/out/production/NEAT_Driving:/Library/Java/JavaVirtualMachines/jdk1.8.0_73.jdk/Contents/Home/jre/lib/charsets.jar:/Library/Java/JavaVirtualMachines/jdk1.8.0_73.jdk/Contents/Home/jre/lib/deploy.jar:/Library/Java/JavaVirtualMachines/jdk1.8.0_73.jdk/Contents/Home/jre/lib/ext/cldrdata.jar:/Library/Java/JavaVirtualMachines/jdk1.8.0_73.jdk/Contents/Home/jre/lib/ext/dnsns.jar:/Library/Java/JavaVirtualMachines/jdk1.8.0_73.jdk/Contents/Home/jre/lib/ext/jaccess.jar:/Library/Java/JavaVirtualMachines/jdk1.8.0_73.jdk/Contents/Home/jre/lib/ext/jfxrt.jar:/Library/Java/JavaVirtualMachines/jdk1.8.0_73.jdk/Contents/Home/jre/lib/ext/localedata.jar:/Library/Java/JavaVirtualMachines/jdk1.8.0_73.jdk/Contents/Home/jre/lib/ext/nashorn.jar:/Library/Java/JavaVirtualMachines/jdk1.8.0_73.jdk/Contents/Home/jre/lib/ext/sunec.jar:/Library/Java/JavaVirtualMachines/jdk1.8.0_73.jdk/Contents/Home/jre/lib/ext/sunjce_provider.jar:/Library/Java/JavaVirtualMachines/jdk1.8.0_73.jdk/Contents/Home/jre/lib/ext/sunpkcs11.jar:/Library/Java/JavaVirtualMachines/jdk1.8.0_73.jdk/Contents/Home/jre/lib/ext/zipfs.jar:/Library/Java/JavaVirtualMachines/jdk1.8.0_73.jdk/Contents/Home/jre/lib/javaws.jar:/Library/Java/JavaVirtualMachines/jdk1.8.0_73.jdk/Contents/Home/jre/lib/jce.jar:/Library/Java/JavaVirtualMachines/jdk1.8.0_73.jdk/Contents/Home/jre/lib/jfr.jar:/Library/Java/JavaVirtualMachines/jdk1.8.0_73.jdk/Contents/Home/jre/lib/jfxswt.jar:/Library/Java/JavaVirtualMachines/jdk1.8.0_73.jdk/Contents/Home/jre/lib/jsse.jar:/Library/Java/JavaVirtualMachines/jdk1.8.0_73.jdk/Contents/Home/jre/lib/management-agent.jar:/Library/Java/JavaVirtualMachines/jdk1.8.0_73.jdk/Contents/Home/jre/lib/plugin.jar:/Library/Java/JavaVirtualMachines/jdk1.8.0_73.jdk/Contents/Home/jre/lib/resources.jar:/Library/Java/JavaVirtualMachines/jdk1.8.0_73.jdk/Contents/Home/jre/lib/rt.jar:/Library/Java/JavaVirtualMachines/jdk1.8.0_73.jdk/Contents/Home/lib/ant-javafx.jar:/
Launcher Type: SUN_STANDARD

Environment Variables:
PATH=/Users/noahziems/anaconda/bin:/Library/Frameworks/Python.framework/Versions/2.7/bin:/Library/Frameworks/Python.framework/Versions/3.5/bin:/usr/local/bin:/usr/bin:/bin:/usr/sbin:/sbin
SHELL=/bin/bash

Signal Handlers:
SIGSEGV: [libjvm.dylib+0x5a71a5], sa_mask[0]=11111111011111110111111111111111, sa_flags=SA_ONSTACK|SA_RESTART|SA_SIGINFO
SIGBUS: [libjvm.dylib+0x5a71a5], sa_mask[0]=11111111011111110111111111111111, sa_flags=SA_RESTART|SA_SIGINFO
SIGFPE: [libjvm.dylib+0x480eb4], sa_mask[0]=11111111011111110111111111111111, sa_flags=SA_RESTART|SA_SIGINFO
SIGPIPE: [libjvm.dylib+0x480eb4], sa_mask[0]=11111111011111110111111111111111, sa_flags=SA_RESTART|SA_SIGINFO
SIGXFSZ: [libjvm.dylib+0x480eb4], sa_mask[0]=11111111011111110111111111111111, sa_flags=SA_RESTART|SA_SIGINFO
SIGILL: [libjvm.dylib+0x480eb4], sa_mask[0]=11111111011111110111111111111111, sa_flags=SA_RESTART|SA_SIGINFO
SIGUSR1: SIG_DFL, sa_mask[0]=00000000000000000000000000000000, sa_flags=none
SIGUSR2: [libjvm.dylib+0x4809d2], sa_mask[0]=00100000000000000000000000000000, sa_flags=SA_RESTART|SA_SIGINFO
SIGHUP: [libjvm.dylib+0x47efa9], sa_mask[0]=11111111011111110111111111111111, sa_flags=SA_RESTART|SA_SIGINFO
SIGINT: [libjvm.dylib+0x47efa9], sa_mask[0]=11111111011111110111111111111111, sa_flags=SA_RESTART|SA_SIGINFO
SIGTERM: [libjvm.dylib+0x47efa9], sa_mask[0]=11111111011111110111111111111111, sa_flags=SA_RESTART|SA_SIGINFO
SIGQUIT: [libjvm.dylib+0x47efa9], sa_mask[0]=11111111011111110111111111111111, sa_flags=SA_RESTART|SA_SIGINFO


---------------  S Y S T E M  ---------------

OS:Bsduname:Darwin 15.4.0 Darwin Kernel Version 15.4.0: Fri Feb 26 22:08:05 PST 2016; root:xnu-3248.40.184~3/RELEASE_X86_64 x86_64
rlimit: STACK 8192k, CORE 0k, NPROC 709, NOFILE 10240, AS infinity
load average:2.55 2.29 2.25

CPU:total 4 (2 cores per cpu, 2 threads per core) family 6 model 61 stepping 4, cmov, cx8, fxsr, mmx, sse, sse2, sse3, ssse3, sse4.1, sse4.2, popcnt, avx, avx2, aes, clmul, erms, 3dnowpref, lzcnt, ht, tsc, tscinvbit, bmi1, bmi2, adx

Memory: 4k page, physical 8388608k(46656k free)

/proc/meminfo:


vm_info: Java HotSpot(TM) 64-Bit Server VM (25.73-b02) for bsd-amd64 JRE (1.8.0_73-b02), built on Jan 29 2016 15:02:00 by "java_re" with gcc 4.2.1 (Based on Apple Inc. build 5658) (LLVM build 2336.11.00)

time: Sat May  7 22:36:01 2016
elapsed time: 63 seconds (0d 0h 1m 3s)

